[01m[K/home/tatsv/ros-test/src/my_chatter_package/src/my_chatter.cpp:22:5:[m[K [01;31m[Kerror: [m[Kâ€˜[01m[Krcl[m[Kâ€™ does not name a type
   22 |     [01;31m[Krcl[m[K
      |     [01;31m[K^~~[m[K
[01m[K/home/tatsv/ros-test/src/my_chatter_package/src/my_chatter.cpp:23:2:[m[K [01;31m[Kerror: [m[Kexpected â€˜[01m[K;[m[Kâ€™ after class definition
   23 | }
      |  [01;31m[K^[m[K
      |  [32m[K;[m[K
[01m[K/home/tatsv/ros-test/src/my_chatter_package/src/my_chatter.cpp:[m[K In constructor â€˜[01m[KmyPublisher::myPublisher()[m[Kâ€™:
[01m[K/home/tatsv/ros-test/src/my_chatter_package/src/my_chatter.cpp:17:28:[m[K [01;31m[Kerror: [m[Kclass â€˜[01m[KmyPublisher[m[Kâ€™ does not have any field named â€˜[01m[Kcount_[m[Kâ€™
   17 |     : Node("myPublisher"), [01;31m[Kcount_[m[K(0)
      |                            [01;31m[K^~~~~~[m[K
gmake[2]: *** [CMakeFiles/my_chatter.dir/build.make:76: CMakeFiles/my_chatter.dir/src/my_chatter.cpp.o] Error 1
gmake[1]: *** [CMakeFiles/Makefile2:137: CMakeFiles/my_chatter.dir/all] Error 2
gmake: *** [Makefile:146: all] Error 2
